2025-05-28 09:00:01,407 - INFO - Tesseract configured at: /usr/bin/tesseract
2025-05-28 09:01:10,350 - INFO - Starting MRZ detection process
2025-05-28 09:01:10,445 - INFO - Testing original image
2025-05-28 09:01:10,560 - INFO - Original image: FAILED Score: 0
2025-05-28 09:01:10,561 - INFO - Testing minimal preprocessing
2025-05-28 09:01:11,477 - INFO - Minimal processing: SUCCESS Score: 79.2
2025-05-28 09:01:11,478 - INFO - Testing full preprocessing
2025-05-28 09:01:14,596 - INFO - Full processing: SUCCESS Score: 61.8
2025-05-28 09:01:14,597 - INFO - Testing enhanced preprocessing
2025-05-28 09:01:16,063 - INFO - Enhanced processing: FAILED Score: 0
2025-05-28 09:01:16,064 - INFO - Testing OCR fallback
2025-05-28 09:01:17,029 - WARNING - OCR fallback: No text detected
2025-05-28 09:01:17,029 - INFO - BEST RESULT: minimal_preprocessing with score 79.2
2025-05-28 09:05:40,876 - INFO - Starting MRZ detection process
2025-05-28 09:05:40,950 - INFO - Testing original image
2025-05-28 09:05:41,510 - INFO - Original image: SUCCESS Score: 100.0
2025-05-28 09:05:41,511 - INFO - Testing minimal preprocessing
2025-05-28 09:05:42,050 - INFO - Minimal processing: SUCCESS Score: 100.0
2025-05-28 09:05:42,051 - INFO - Testing full preprocessing
2025-05-28 09:05:43,333 - INFO - Full processing: SUCCESS Score: 100.0
2025-05-28 09:05:43,333 - INFO - Testing enhanced preprocessing
2025-05-28 09:05:43,960 - INFO - Enhanced processing: SUCCESS Score: 70.9
2025-05-28 09:05:43,960 - INFO - Testing OCR fallback
2025-05-28 09:05:44,850 - WARNING - OCR fallback: No text detected
2025-05-28 09:05:44,851 - INFO - BEST RESULT: original_image with score 100.0
2025-05-28 09:06:42,304 - INFO - Starting MRZ detection process
2025-05-28 09:06:42,375 - INFO - Testing original image
2025-05-28 09:06:42,863 - INFO - Original image: SUCCESS Score: 100.0
2025-05-28 09:06:42,863 - INFO - Testing minimal preprocessing
2025-05-28 09:06:43,346 - INFO - Minimal processing: SUCCESS Score: 100.0
2025-05-28 09:06:43,346 - INFO - Testing full preprocessing
2025-05-28 09:06:44,614 - INFO - Full processing: SUCCESS Score: 100.0
2025-05-28 09:06:44,615 - INFO - Testing enhanced preprocessing
2025-05-28 09:06:45,234 - INFO - Enhanced processing: SUCCESS Score: 70.9
2025-05-28 09:06:45,234 - INFO - Testing OCR fallback
2025-05-28 09:06:46,169 - WARNING - OCR fallback: No text detected
2025-05-28 09:06:46,170 - INFO - BEST RESULT: original_image with score 100.0
